<html>
<head>
<title>TestNG:  Free CRM Application Test</title>
<link href="../testng.css" rel="stylesheet" type="text/css" />
<link href="../my-testng.css" rel="stylesheet" type="text/css" />

<style type="text/css">
.log { display: none;} 
.stack-trace { display: none;} 
</style>
<script type="text/javascript">
<!--
function flip(e) {
  current = e.style.display;
  if (current == 'block') {
    e.style.display = 'none';
    return 0;
  }
  else {
    e.style.display = 'block';
    return 1;
  }
}

function toggleBox(szDivId, elem, msg1, msg2)
{
  var res = -1;  if (document.getElementById) {
    res = flip(document.getElementById(szDivId));
  }
  else if (document.all) {
    // this is the way old msie versions work
    res = flip(document.all[szDivId]);
  }
  if(elem) {
    if(res == 0) elem.innerHTML = msg1; else elem.innerHTML = msg2;
  }

}

function toggleAllBoxes() {
  if (document.getElementsByTagName) {
    d = document.getElementsByTagName('div');
    for (i = 0; i < d.length; i++) {
      if (d[i].className == 'log') {
        flip(d[i]);
      }
    }
  }
}

// -->
</script>

</head>
<body>
<h2 align='center'>Free CRM Application Test</h2><table border='1' align="center">
<tr>
<td>Tests passed/Failed/Skipped:</td><td>1/2/7</td>
</tr><tr>
<td>Started on:</td><td>Mon Mar 19 12:01:45 IST 2018</td>
</tr>
<tr><td>Total time:</td><td>81 seconds (81425 ms)</td>
</tr><tr>
<td>Included groups:</td><td></td>
</tr><tr>
<td>Excluded groups:</td><td></td>
</tr>
</table><p/>
<small><i>(Hover the method name to see the test class name)</i></small><p/>
<table width='100%' border='1' class='invocation-failed'>
<tr><td colspan='4' align='center'><b>FAILED CONFIGURATIONS</b></td></tr>
<tr><td><b>Test method</b></td>
<td width="30%"><b>Exception</b></td>
<td width="10%"><b>Time (seconds)</b></td>
<td><b>Instance</b></td>
</tr>
<tr>
<td title='amazon.qa.testcases.HomePageTest.setUp()'><b>setUp</b><br>Test class: amazon.qa.testcases.HomePageTest</td>
<td><div><pre>java.lang.NullPointerException
	at amazon.qa.util.WebDriverListener.afterFindBy(WebDriverListener.java:37)
	at org.openqa.selenium.support.events.EventFiringWebDriver$1.invoke(EventFiringWebDriver.java:86)
	at com.sun.proxy.$Proxy6.afterFindBy(Unknown Source)
	at org.openqa.selenium.support.events.EventFiringWebDriver.findElement(EventFiringWebDriver.java:194)
	at org.openqa.selenium.support.pagefactory.DefaultElementLocator.findElement(DefaultElementLocator.java:69)
	at org.openqa.selenium.support.pagefactory.internal.LocatingElementHandler.invoke(LocatingElementHandler.java:38)
	at com.sun.proxy.$Proxy11.sendKeys(Unknown Source)
	at amazon.qa.pages.LoginPage.login(LoginPage.java:39)
	at amazon.qa.testcases.HomePageTest.setUp(HomePageTest.java:27)
... Removed 30 stack frames</pre></div><a href='#' onClick='toggleBox("stack-trace629454893", this, "Click to show all stack frames", "Click to hide stack frames")'>Click to show all stack frames</a>
<div class='stack-trace' id='stack-trace629454893'><pre>java.lang.NullPointerException
	at amazon.qa.util.WebDriverListener.afterFindBy(WebDriverListener.java:37)
	at sun.reflect.NativeMethodAccessorImpl.invoke0(Native Method)
	at sun.reflect.NativeMethodAccessorImpl.invoke(NativeMethodAccessorImpl.java:62)
	at sun.reflect.DelegatingMethodAccessorImpl.invoke(DelegatingMethodAccessorImpl.java:43)
	at java.lang.reflect.Method.invoke(Method.java:498)
	at org.openqa.selenium.support.events.EventFiringWebDriver$1.invoke(EventFiringWebDriver.java:86)
	at com.sun.proxy.$Proxy6.afterFindBy(Unknown Source)
	at org.openqa.selenium.support.events.EventFiringWebDriver.findElement(EventFiringWebDriver.java:194)
	at org.openqa.selenium.support.pagefactory.DefaultElementLocator.findElement(DefaultElementLocator.java:69)
	at org.openqa.selenium.support.pagefactory.internal.LocatingElementHandler.invoke(LocatingElementHandler.java:38)
	at com.sun.proxy.$Proxy11.sendKeys(Unknown Source)
	at amazon.qa.pages.LoginPage.login(LoginPage.java:39)
	at amazon.qa.testcases.HomePageTest.setUp(HomePageTest.java:27)
	at sun.reflect.NativeMethodAccessorImpl.invoke0(Native Method)
	at sun.reflect.NativeMethodAccessorImpl.invoke(NativeMethodAccessorImpl.java:62)
	at sun.reflect.DelegatingMethodAccessorImpl.invoke(DelegatingMethodAccessorImpl.java:43)
	at java.lang.reflect.Method.invoke(Method.java:498)
	at org.testng.internal.MethodInvocationHelper.invokeMethod(MethodInvocationHelper.java:80)
	at org.testng.internal.Invoker.invokeConfigurationMethod(Invoker.java:564)
	at org.testng.internal.Invoker.invokeConfigurations(Invoker.java:213)
	at org.testng.internal.Invoker.invokeMethod(Invoker.java:653)
	at org.testng.internal.Invoker.invokeTestMethod(Invoker.java:901)
	at org.testng.internal.Invoker.invokeTestMethods(Invoker.java:1231)
	at org.testng.internal.TestMethodWorker.invokeTestMethods(TestMethodWorker.java:127)
	at org.testng.internal.TestMethodWorker.run(TestMethodWorker.java:111)
	at org.testng.TestRunner.privateRun(TestRunner.java:767)
	at org.testng.TestRunner.run(TestRunner.java:617)
	at org.testng.SuiteRunner.runTest(SuiteRunner.java:334)
	at org.testng.SuiteRunner.runSequentially(SuiteRunner.java:329)
	at org.testng.SuiteRunner.privateRun(SuiteRunner.java:291)
	at org.testng.SuiteRunner.run(SuiteRunner.java:240)
	at org.testng.SuiteRunnerWorker.runSuite(SuiteRunnerWorker.java:52)
	at org.testng.SuiteRunnerWorker.run(SuiteRunnerWorker.java:86)
	at org.testng.TestNG.runSuitesSequentially(TestNG.java:1198)
	at org.testng.TestNG.runSuitesLocally(TestNG.java:1123)
	at org.testng.TestNG.run(TestNG.java:1031)
	at org.testng.remote.AbstractRemoteTestNG.run(AbstractRemoteTestNG.java:132)
	at org.testng.remote.RemoteTestNG.initAndRun(RemoteTestNG.java:236)
	at org.testng.remote.RemoteTestNG.main(RemoteTestNG.java:81)
</pre></div></td>
<td>0</td>
<td>amazon.qa.testcases.HomePageTest@31a5c39e</td></tr>
<tr>
<td title='amazon.qa.testcases.ContactsPageTest.setUp()'><b>setUp</b><br>Test class: amazon.qa.testcases.ContactsPageTest</td>
<td><div><pre>java.lang.NullPointerException
	at amazon.qa.util.WebDriverListener.afterFindBy(WebDriverListener.java:37)
	at org.openqa.selenium.support.events.EventFiringWebDriver$1.invoke(EventFiringWebDriver.java:86)
	at com.sun.proxy.$Proxy6.afterFindBy(Unknown Source)
	at org.openqa.selenium.support.events.EventFiringWebDriver.findElement(EventFiringWebDriver.java:194)
	at org.openqa.selenium.support.pagefactory.DefaultElementLocator.findElement(DefaultElementLocator.java:69)
	at org.openqa.selenium.support.pagefactory.internal.LocatingElementHandler.invoke(LocatingElementHandler.java:38)
	at com.sun.proxy.$Proxy11.sendKeys(Unknown Source)
	at amazon.qa.pages.LoginPage.login(LoginPage.java:39)
	at amazon.qa.testcases.ContactsPageTest.setUp(ContactsPageTest.java:29)
... Removed 30 stack frames</pre></div><a href='#' onClick='toggleBox("stack-trace1367937032", this, "Click to show all stack frames", "Click to hide stack frames")'>Click to show all stack frames</a>
<div class='stack-trace' id='stack-trace1367937032'><pre>java.lang.NullPointerException
	at amazon.qa.util.WebDriverListener.afterFindBy(WebDriverListener.java:37)
	at sun.reflect.NativeMethodAccessorImpl.invoke0(Native Method)
	at sun.reflect.NativeMethodAccessorImpl.invoke(NativeMethodAccessorImpl.java:62)
	at sun.reflect.DelegatingMethodAccessorImpl.invoke(DelegatingMethodAccessorImpl.java:43)
	at java.lang.reflect.Method.invoke(Method.java:498)
	at org.openqa.selenium.support.events.EventFiringWebDriver$1.invoke(EventFiringWebDriver.java:86)
	at com.sun.proxy.$Proxy6.afterFindBy(Unknown Source)
	at org.openqa.selenium.support.events.EventFiringWebDriver.findElement(EventFiringWebDriver.java:194)
	at org.openqa.selenium.support.pagefactory.DefaultElementLocator.findElement(DefaultElementLocator.java:69)
	at org.openqa.selenium.support.pagefactory.internal.LocatingElementHandler.invoke(LocatingElementHandler.java:38)
	at com.sun.proxy.$Proxy11.sendKeys(Unknown Source)
	at amazon.qa.pages.LoginPage.login(LoginPage.java:39)
	at amazon.qa.testcases.ContactsPageTest.setUp(ContactsPageTest.java:29)
	at sun.reflect.NativeMethodAccessorImpl.invoke0(Native Method)
	at sun.reflect.NativeMethodAccessorImpl.invoke(NativeMethodAccessorImpl.java:62)
	at sun.reflect.DelegatingMethodAccessorImpl.invoke(DelegatingMethodAccessorImpl.java:43)
	at java.lang.reflect.Method.invoke(Method.java:498)
	at org.testng.internal.MethodInvocationHelper.invokeMethod(MethodInvocationHelper.java:80)
	at org.testng.internal.Invoker.invokeConfigurationMethod(Invoker.java:564)
	at org.testng.internal.Invoker.invokeConfigurations(Invoker.java:213)
	at org.testng.internal.Invoker.invokeMethod(Invoker.java:653)
	at org.testng.internal.Invoker.invokeTestMethod(Invoker.java:901)
	at org.testng.internal.Invoker.invokeTestMethods(Invoker.java:1231)
	at org.testng.internal.TestMethodWorker.invokeTestMethods(TestMethodWorker.java:127)
	at org.testng.internal.TestMethodWorker.run(TestMethodWorker.java:111)
	at org.testng.TestRunner.privateRun(TestRunner.java:767)
	at org.testng.TestRunner.run(TestRunner.java:617)
	at org.testng.SuiteRunner.runTest(SuiteRunner.java:334)
	at org.testng.SuiteRunner.runSequentially(SuiteRunner.java:329)
	at org.testng.SuiteRunner.privateRun(SuiteRunner.java:291)
	at org.testng.SuiteRunner.run(SuiteRunner.java:240)
	at org.testng.SuiteRunnerWorker.runSuite(SuiteRunnerWorker.java:52)
	at org.testng.SuiteRunnerWorker.run(SuiteRunnerWorker.java:86)
	at org.testng.TestNG.runSuitesSequentially(TestNG.java:1198)
	at org.testng.TestNG.runSuitesLocally(TestNG.java:1123)
	at org.testng.TestNG.run(TestNG.java:1031)
	at org.testng.remote.AbstractRemoteTestNG.run(AbstractRemoteTestNG.java:132)
	at org.testng.remote.RemoteTestNG.initAndRun(RemoteTestNG.java:236)
	at org.testng.remote.RemoteTestNG.main(RemoteTestNG.java:81)
</pre></div></td>
<td>0</td>
<td>amazon.qa.testcases.ContactsPageTest@589838eb</td></tr>
</table><p>
<table width='100%' border='1' class='invocation-skipped'>
<tr><td colspan='4' align='center'><b>SKIPPED CONFIGURATIONS</b></td></tr>
<tr><td><b>Test method</b></td>
<td width="30%"><b>Exception</b></td>
<td width="10%"><b>Time (seconds)</b></td>
<td><b>Instance</b></td>
</tr>
<tr>
<td title='amazon.qa.testcases.HomePageTest.setUp()'><b>setUp</b><br>Test class: amazon.qa.testcases.HomePageTest</td>
<td></td>
<td>0</td>
<td>amazon.qa.testcases.HomePageTest@31a5c39e</td></tr>
<tr>
<td title='amazon.qa.testcases.HomePageTest.setUp()'><b>setUp</b><br>Test class: amazon.qa.testcases.HomePageTest</td>
<td></td>
<td>0</td>
<td>amazon.qa.testcases.HomePageTest@31a5c39e</td></tr>
<tr>
<td title='amazon.qa.testcases.ContactsPageTest.setUp()'><b>setUp</b><br>Test class: amazon.qa.testcases.ContactsPageTest</td>
<td></td>
<td>0</td>
<td>amazon.qa.testcases.ContactsPageTest@589838eb</td></tr>
<tr>
<td title='amazon.qa.testcases.ContactsPageTest.setUp()'><b>setUp</b><br>Test class: amazon.qa.testcases.ContactsPageTest</td>
<td></td>
<td>0</td>
<td>amazon.qa.testcases.ContactsPageTest@589838eb</td></tr>
<tr>
<td title='amazon.qa.testcases.ContactsPageTest.setUp()'><b>setUp</b><br>Test class: amazon.qa.testcases.ContactsPageTest</td>
<td></td>
<td>0</td>
<td>amazon.qa.testcases.ContactsPageTest@589838eb</td></tr>
<tr>
<td title='amazon.qa.testcases.HomePageTest.TearDown()'><b>TearDown</b><br>Test class: amazon.qa.testcases.HomePageTest</td>
<td></td>
<td>0</td>
<td>amazon.qa.testcases.HomePageTest@31a5c39e</td></tr>
<tr>
<td title='amazon.qa.testcases.HomePageTest.TearDown()'><b>TearDown</b><br>Test class: amazon.qa.testcases.HomePageTest</td>
<td></td>
<td>0</td>
<td>amazon.qa.testcases.HomePageTest@31a5c39e</td></tr>
<tr>
<td title='amazon.qa.testcases.HomePageTest.TearDown()'><b>TearDown</b><br>Test class: amazon.qa.testcases.HomePageTest</td>
<td></td>
<td>0</td>
<td>amazon.qa.testcases.HomePageTest@31a5c39e</td></tr>
<tr>
<td title='amazon.qa.testcases.ContactsPageTest.TearDown()'><b>TearDown</b><br>Test class: amazon.qa.testcases.ContactsPageTest</td>
<td></td>
<td>0</td>
<td>amazon.qa.testcases.ContactsPageTest@589838eb</td></tr>
<tr>
<td title='amazon.qa.testcases.ContactsPageTest.TearDown()'><b>TearDown</b><br>Test class: amazon.qa.testcases.ContactsPageTest</td>
<td></td>
<td>0</td>
<td>amazon.qa.testcases.ContactsPageTest@589838eb</td></tr>
<tr>
<td title='amazon.qa.testcases.ContactsPageTest.TearDown()'><b>TearDown</b><br>Test class: amazon.qa.testcases.ContactsPageTest</td>
<td></td>
<td>0</td>
<td>amazon.qa.testcases.ContactsPageTest@589838eb</td></tr>
<tr>
<td title='amazon.qa.testcases.ContactsPageTest.TearDown()'><b>TearDown</b><br>Test class: amazon.qa.testcases.ContactsPageTest</td>
<td></td>
<td>0</td>
<td>amazon.qa.testcases.ContactsPageTest@589838eb</td></tr>
</table><p>
<table width='100%' border='1' class='invocation-failed'>
<tr><td colspan='4' align='center'><b>FAILED TESTS</b></td></tr>
<tr><td><b>Test method</b></td>
<td width="30%"><b>Exception</b></td>
<td width="10%"><b>Time (seconds)</b></td>
<td><b>Instance</b></td>
</tr>
<tr>
<td title='amazon.qa.testcases.LoginPageTest.crmLogo_ImageTest()'><b>crmLogo_ImageTest</b><br>Test class: amazon.qa.testcases.LoginPageTest</td>
<td><div><pre>java.lang.NullPointerException
	at amazon.qa.util.WebDriverListener.afterFindBy(WebDriverListener.java:37)
	at org.openqa.selenium.support.events.EventFiringWebDriver$1.invoke(EventFiringWebDriver.java:86)
	at com.sun.proxy.$Proxy6.afterFindBy(Unknown Source)
	at org.openqa.selenium.support.events.EventFiringWebDriver.findElement(EventFiringWebDriver.java:194)
	at org.openqa.selenium.support.pagefactory.DefaultElementLocator.findElement(DefaultElementLocator.java:69)
	at org.openqa.selenium.support.pagefactory.internal.LocatingElementHandler.invoke(LocatingElementHandler.java:38)
	at com.sun.proxy.$Proxy11.isDisplayed(Unknown Source)
	at amazon.qa.pages.LoginPage.validateCRMImage(LoginPage.java:35)
	at amazon.qa.testcases.LoginPageTest.crmLogo_ImageTest(LoginPageTest.java:31)
... Removed 28 stack frames</pre></div><a href='#' onClick='toggleBox("stack-trace548554586", this, "Click to show all stack frames", "Click to hide stack frames")'>Click to show all stack frames</a>
<div class='stack-trace' id='stack-trace548554586'><pre>java.lang.NullPointerException
	at amazon.qa.util.WebDriverListener.afterFindBy(WebDriverListener.java:37)
	at sun.reflect.NativeMethodAccessorImpl.invoke0(Native Method)
	at sun.reflect.NativeMethodAccessorImpl.invoke(NativeMethodAccessorImpl.java:62)
	at sun.reflect.DelegatingMethodAccessorImpl.invoke(DelegatingMethodAccessorImpl.java:43)
	at java.lang.reflect.Method.invoke(Method.java:498)
	at org.openqa.selenium.support.events.EventFiringWebDriver$1.invoke(EventFiringWebDriver.java:86)
	at com.sun.proxy.$Proxy6.afterFindBy(Unknown Source)
	at org.openqa.selenium.support.events.EventFiringWebDriver.findElement(EventFiringWebDriver.java:194)
	at org.openqa.selenium.support.pagefactory.DefaultElementLocator.findElement(DefaultElementLocator.java:69)
	at org.openqa.selenium.support.pagefactory.internal.LocatingElementHandler.invoke(LocatingElementHandler.java:38)
	at com.sun.proxy.$Proxy11.isDisplayed(Unknown Source)
	at amazon.qa.pages.LoginPage.validateCRMImage(LoginPage.java:35)
	at amazon.qa.testcases.LoginPageTest.crmLogo_ImageTest(LoginPageTest.java:31)
	at sun.reflect.NativeMethodAccessorImpl.invoke0(Native Method)
	at sun.reflect.NativeMethodAccessorImpl.invoke(NativeMethodAccessorImpl.java:62)
	at sun.reflect.DelegatingMethodAccessorImpl.invoke(DelegatingMethodAccessorImpl.java:43)
	at java.lang.reflect.Method.invoke(Method.java:498)
	at org.testng.internal.MethodInvocationHelper.invokeMethod(MethodInvocationHelper.java:80)
	at org.testng.internal.Invoker.invokeMethod(Invoker.java:714)
	at org.testng.internal.Invoker.invokeTestMethod(Invoker.java:901)
	at org.testng.internal.Invoker.invokeTestMethods(Invoker.java:1231)
	at org.testng.internal.TestMethodWorker.invokeTestMethods(TestMethodWorker.java:127)
	at org.testng.internal.TestMethodWorker.run(TestMethodWorker.java:111)
	at org.testng.TestRunner.privateRun(TestRunner.java:767)
	at org.testng.TestRunner.run(TestRunner.java:617)
	at org.testng.SuiteRunner.runTest(SuiteRunner.java:334)
	at org.testng.SuiteRunner.runSequentially(SuiteRunner.java:329)
	at org.testng.SuiteRunner.privateRun(SuiteRunner.java:291)
	at org.testng.SuiteRunner.run(SuiteRunner.java:240)
	at org.testng.SuiteRunnerWorker.runSuite(SuiteRunnerWorker.java:52)
	at org.testng.SuiteRunnerWorker.run(SuiteRunnerWorker.java:86)
	at org.testng.TestNG.runSuitesSequentially(TestNG.java:1198)
	at org.testng.TestNG.runSuitesLocally(TestNG.java:1123)
	at org.testng.TestNG.run(TestNG.java:1031)
	at org.testng.remote.AbstractRemoteTestNG.run(AbstractRemoteTestNG.java:132)
	at org.testng.remote.RemoteTestNG.initAndRun(RemoteTestNG.java:236)
	at org.testng.remote.RemoteTestNG.main(RemoteTestNG.java:81)
</pre></div></td>
<td>0</td>
<td>amazon.qa.testcases.LoginPageTest@3f49dace</td></tr>
<tr>
<td title='amazon.qa.testcases.LoginPageTest.loginTest()'><b>loginTest</b><br>Test class: amazon.qa.testcases.LoginPageTest</td>
<td><div><pre>java.lang.NullPointerException
	at amazon.qa.util.WebDriverListener.afterFindBy(WebDriverListener.java:37)
	at org.openqa.selenium.support.events.EventFiringWebDriver$1.invoke(EventFiringWebDriver.java:86)
	at com.sun.proxy.$Proxy6.afterFindBy(Unknown Source)
	at org.openqa.selenium.support.events.EventFiringWebDriver.findElement(EventFiringWebDriver.java:194)
	at org.openqa.selenium.support.pagefactory.DefaultElementLocator.findElement(DefaultElementLocator.java:69)
	at org.openqa.selenium.support.pagefactory.internal.LocatingElementHandler.invoke(LocatingElementHandler.java:38)
	at com.sun.proxy.$Proxy11.sendKeys(Unknown Source)
	at amazon.qa.pages.LoginPage.login(LoginPage.java:39)
	at amazon.qa.testcases.LoginPageTest.loginTest(LoginPageTest.java:36)
... Removed 28 stack frames</pre></div><a href='#' onClick='toggleBox("stack-trace1766869737", this, "Click to show all stack frames", "Click to hide stack frames")'>Click to show all stack frames</a>
<div class='stack-trace' id='stack-trace1766869737'><pre>java.lang.NullPointerException
	at amazon.qa.util.WebDriverListener.afterFindBy(WebDriverListener.java:37)
	at sun.reflect.NativeMethodAccessorImpl.invoke0(Native Method)
	at sun.reflect.NativeMethodAccessorImpl.invoke(NativeMethodAccessorImpl.java:62)
	at sun.reflect.DelegatingMethodAccessorImpl.invoke(DelegatingMethodAccessorImpl.java:43)
	at java.lang.reflect.Method.invoke(Method.java:498)
	at org.openqa.selenium.support.events.EventFiringWebDriver$1.invoke(EventFiringWebDriver.java:86)
	at com.sun.proxy.$Proxy6.afterFindBy(Unknown Source)
	at org.openqa.selenium.support.events.EventFiringWebDriver.findElement(EventFiringWebDriver.java:194)
	at org.openqa.selenium.support.pagefactory.DefaultElementLocator.findElement(DefaultElementLocator.java:69)
	at org.openqa.selenium.support.pagefactory.internal.LocatingElementHandler.invoke(LocatingElementHandler.java:38)
	at com.sun.proxy.$Proxy11.sendKeys(Unknown Source)
	at amazon.qa.pages.LoginPage.login(LoginPage.java:39)
	at amazon.qa.testcases.LoginPageTest.loginTest(LoginPageTest.java:36)
	at sun.reflect.NativeMethodAccessorImpl.invoke0(Native Method)
	at sun.reflect.NativeMethodAccessorImpl.invoke(NativeMethodAccessorImpl.java:62)
	at sun.reflect.DelegatingMethodAccessorImpl.invoke(DelegatingMethodAccessorImpl.java:43)
	at java.lang.reflect.Method.invoke(Method.java:498)
	at org.testng.internal.MethodInvocationHelper.invokeMethod(MethodInvocationHelper.java:80)
	at org.testng.internal.Invoker.invokeMethod(Invoker.java:714)
	at org.testng.internal.Invoker.invokeTestMethod(Invoker.java:901)
	at org.testng.internal.Invoker.invokeTestMethods(Invoker.java:1231)
	at org.testng.internal.TestMethodWorker.invokeTestMethods(TestMethodWorker.java:127)
	at org.testng.internal.TestMethodWorker.run(TestMethodWorker.java:111)
	at org.testng.TestRunner.privateRun(TestRunner.java:767)
	at org.testng.TestRunner.run(TestRunner.java:617)
	at org.testng.SuiteRunner.runTest(SuiteRunner.java:334)
	at org.testng.SuiteRunner.runSequentially(SuiteRunner.java:329)
	at org.testng.SuiteRunner.privateRun(SuiteRunner.java:291)
	at org.testng.SuiteRunner.run(SuiteRunner.java:240)
	at org.testng.SuiteRunnerWorker.runSuite(SuiteRunnerWorker.java:52)
	at org.testng.SuiteRunnerWorker.run(SuiteRunnerWorker.java:86)
	at org.testng.TestNG.runSuitesSequentially(TestNG.java:1198)
	at org.testng.TestNG.runSuitesLocally(TestNG.java:1123)
	at org.testng.TestNG.run(TestNG.java:1031)
	at org.testng.remote.AbstractRemoteTestNG.run(AbstractRemoteTestNG.java:132)
	at org.testng.remote.RemoteTestNG.initAndRun(RemoteTestNG.java:236)
	at org.testng.remote.RemoteTestNG.main(RemoteTestNG.java:81)
</pre></div></td>
<td>0</td>
<td>amazon.qa.testcases.LoginPageTest@3f49dace</td></tr>
</table><p>
<table width='100%' border='1' class='invocation-passed'>
<tr><td colspan='4' align='center'><b>PASSED TESTS</b></td></tr>
<tr><td><b>Test method</b></td>
<td width="30%"><b>Exception</b></td>
<td width="10%"><b>Time (seconds)</b></td>
<td><b>Instance</b></td>
</tr>
<tr>
<td title='amazon.qa.testcases.LoginPageTest.LoginPage_TitleTest()'><b>LoginPage_TitleTest</b><br>Test class: amazon.qa.testcases.LoginPageTest</td>
<td></td>
<td>0</td>
<td>amazon.qa.testcases.LoginPageTest@3f49dace</td></tr>
</table><p>
<table width='100%' border='1' class='invocation-skipped'>
<tr><td colspan='4' align='center'><b>SKIPPED TESTS</b></td></tr>
<tr><td><b>Test method</b></td>
<td width="30%"><b>Exception</b></td>
<td width="10%"><b>Time (seconds)</b></td>
<td><b>Instance</b></td>
</tr>
<tr>
<td title='amazon.qa.testcases.ContactsPageTest.selectContactsTest()'><b>selectContactsTest</b><br>Test class: amazon.qa.testcases.ContactsPageTest</td>
<td></td>
<td>0</td>
<td>amazon.qa.testcases.ContactsPageTest@589838eb</td></tr>
<tr>
<td title='amazon.qa.testcases.ContactsPageTest.selectMultipleContactsTest()'><b>selectMultipleContactsTest</b><br>Test class: amazon.qa.testcases.ContactsPageTest</td>
<td></td>
<td>0</td>
<td>amazon.qa.testcases.ContactsPageTest@589838eb</td></tr>
<tr>
<td title='amazon.qa.testcases.ContactsPageTest.validateCreateNewContact()'><b>validateCreateNewContact</b><br>Test class: amazon.qa.testcases.ContactsPageTest</td>
<td></td>
<td>0</td>
<td>amazon.qa.testcases.ContactsPageTest@589838eb</td></tr>
<tr>
<td title='amazon.qa.testcases.HomePageTest.verifyContactsLinkTest()'><b>verifyContactsLinkTest</b><br>Test class: amazon.qa.testcases.HomePageTest</td>
<td></td>
<td>0</td>
<td>amazon.qa.testcases.HomePageTest@31a5c39e</td></tr>
<tr>
<td title='amazon.qa.testcases.ContactsPageTest.verifyContactsPageLabelTest()'><b>verifyContactsPageLabelTest</b><br>Test class: amazon.qa.testcases.ContactsPageTest</td>
<td></td>
<td>0</td>
<td>amazon.qa.testcases.ContactsPageTest@589838eb</td></tr>
<tr>
<td title='amazon.qa.testcases.HomePageTest.verifyHomePageTitleTest()'><b>verifyHomePageTitleTest</b><br>Test class: amazon.qa.testcases.HomePageTest</td>
<td></td>
<td>0</td>
<td>amazon.qa.testcases.HomePageTest@31a5c39e</td></tr>
<tr>
<td title='amazon.qa.testcases.HomePageTest.verifyUsernameTest()'><b>verifyUsernameTest</b><br>Test class: amazon.qa.testcases.HomePageTest</td>
<td></td>
<td>0</td>
<td>amazon.qa.testcases.HomePageTest@31a5c39e</td></tr>
</table><p>
</body>
</html>